<?xml version="1.0" encoding="UTF-8"?>
<testsuite name="woorifisa.project.gateway.domain.foreigner.service.ForeignerServiceTest" tests="2" skipped="0" failures="0" errors="0" timestamp="2026-06-02T05:41:02.416Z" hostname="bagjaehaui-MacBookAir.local" time="0.047">
  <properties/>
  <testcase name="식별번호 해시로 신원 정보를 조회한다" classname="woorifisa.project.gateway.domain.foreigner.service.ForeignerServiceTest" time="0.024"/>
  <testcase name="신원 정보가 없으면 예외를 던진다" classname="woorifisa.project.gateway.domain.foreigner.service.ForeignerServiceTest" time="0.015"/>
  <system-out><![CDATA[]]></system-out>
  <system-err><![CDATA[]]></system-err>
</testsuite>
