<?xml version="1.0" encoding="UTF-8"?>
<testsuite name="woorifisa.project.gateway.domain.foreigner.config.ForeignerDataInitializerTest" tests="2" skipped="0" failures="0" errors="0" timestamp="2026-06-02T05:41:00.178Z" hostname="bagjaehaui-MacBookAir.local" time="2.222">
  <properties/>
  <testcase name="같은 식별번호 해시가 이미 있으면 초기 더미데이터를 중복 저장하지 않는다" classname="woorifisa.project.gateway.domain.foreigner.config.ForeignerDataInitializerTest" time="2.068"/>
  <testcase name="초기 더미데이터는 식별번호 원문이 아닌 HMAC 해시로 저장한다" classname="woorifisa.project.gateway.domain.foreigner.config.ForeignerDataInitializerTest" time="0.102"/>
  <system-out><![CDATA[]]></system-out>
  <system-err><![CDATA[Mockito is currently self-attaching to enable the inline-mock-maker. This will no longer work in future releases of the JDK. Please add Mockito as an agent to your build as described in Mockito's documentation: https://javadoc.io/doc/org.mockito/mockito-core/latest/org.mockito/org/mockito/Mockito.html#0.3
WARNING: A Java agent has been loaded dynamically (/Users/parkjaeha/.gradle/caches/modules-2/files-2.1/net.bytebuddy/byte-buddy-agent/1.17.8/f09415827a71be7ed621c7bd02550678f28bc81c/byte-buddy-agent-1.17.8.jar)
WARNING: If a serviceability tool is in use, please run with -XX:+EnableDynamicAgentLoading to hide this warning
WARNING: If a serviceability tool is not in use, please run with -Djdk.instrument.traceUsage for more information
WARNING: Dynamic loading of agents will be disallowed by default in a future release
]]></system-err>
</testsuite>
